<?xml version="1.0" encoding="UTF-8"?>
<testsuite xmlns:xsi="http://www.w3.org/2001/XMLSchema-instance" xsi:noNamespaceSchemaLocation="https://maven.apache.org/surefire/maven-surefire-plugin/xsd/surefire-test-report.xsd" name="com.ntu.sctp.group1.Group1ApplicationTests" time="3.909" tests="1" errors="0" skipped="0" failures="0">
  <properties>
    <property name="java.specification.version" value="17"/>
    <property name="sun.jnu.encoding" value="UTF-8"/>
    <property name="java.class.path" value="/Users/aceveron/SCTP/Volunteer_Management_System_VMS/target/test-classes:/Users/aceveron/SCTP/Volunteer_Management_System_VMS/target/classes:/Users/aceveron/.m2/repository/org/springframework/boot/spring-boot-starter-data-jpa/3.0.3/spring-boot-starter-data-jpa-3.0.3.jar:/Users/aceveron/.m2/repository/org/springframework/boot/spring-boot-starter-aop/3.0.3/spring-boot-starter-aop-3.0.3.jar:/Users/aceveron/.m2/repository/org/aspectj/aspectjweaver/1.9.19/aspectjweaver-1.9.19.jar:/Users/aceveron/.m2/repository/org/springframework/boot/spring-boot-starter-jdbc/3.0.3/spring-boot-starter-jdbc-3.0.3.jar:/Users/aceveron/.m2/repository/com/zaxxer/HikariCP/5.0.1/HikariCP-5.0.1.jar:/Users/aceveron/.m2/repository/org/springframework/spring-jdbc/6.0.5/spring-jdbc-6.0.5.jar:/Users/aceveron/.m2/repository/org/hibernate/orm/hibernate-core/6.1.7.Final/hibernate-core-6.1.7.Final.jar:/Users/aceveron/.m2/repository/jakarta/persistence/jakarta.persistence-api/3.1.0/jakarta.persistence-api-3.1.0.jar:/Users/aceveron/.m2/repository/jakarta/transaction/jakarta.transaction-api/2.0.1/jakarta.transaction-api-2.0.1.jar:/Users/aceveron/.m2/repository/org/jboss/logging/jboss-logging/3.5.0.Final/jboss-logging-3.5.0.Final.jar:/Users/aceveron/.m2/repository/org/hibernate/common/hibernate-commons-annotations/6.0.6.Final/hibernate-commons-annotations-6.0.6.Final.jar:/Users/aceveron/.m2/repository/org/jboss/jandex/2.4.2.Final/jandex-2.4.2.Final.jar:/Users/aceveron/.m2/repository/com/fasterxml/classmate/1.5.1/classmate-1.5.1.jar:/Users/aceveron/.m2/repository/net/bytebuddy/byte-buddy/1.12.23/byte-buddy-1.12.23.jar:/Users/aceveron/.m2/repository/org/glassfish/jaxb/jaxb-runtime/4.0.2/jaxb-runtime-4.0.2.jar:/Users/aceveron/.m2/repository/org/glassfish/jaxb/jaxb-core/4.0.2/jaxb-core-4.0.2.jar:/Users/aceveron/.m2/repository/org/eclipse/angus/angus-activation/2.0.0/angus-activation-2.0.0.jar:/Users/aceveron/.m2/repository/org/glassfish/jaxb/txw2/4.0.2/txw2-4.0.2.jar:/Users/aceveron/.m2/repository/com/sun/istack/istack-commons-runtime/4.1.1/istack-commons-runtime-4.1.1.jar:/Users/aceveron/.m2/repository/jakarta/inject/jakarta.inject-api/2.0.0/jakarta.inject-api-2.0.0.jar:/Users/aceveron/.m2/repository/org/antlr/antlr4-runtime/4.10.1/antlr4-runtime-4.10.1.jar:/Users/aceveron/.m2/repository/org/springframework/spring-aspects/6.0.5/spring-aspects-6.0.5.jar:/Users/aceveron/.m2/repository/org/springframework/boot/spring-boot-starter-validation/3.0.3/spring-boot-starter-validation-3.0.3.jar:/Users/aceveron/.m2/repository/org/springframework/boot/spring-boot-starter/3.0.3/spring-boot-starter-3.0.3.jar:/Users/aceveron/.m2/repository/org/springframework/boot/spring-boot-starter-logging/3.0.3/spring-boot-starter-logging-3.0.3.jar:/Users/aceveron/.m2/repository/ch/qos/logback/logback-classic/1.4.5/logback-classic-1.4.5.jar:/Users/aceveron/.m2/repository/ch/qos/logback/logback-core/1.4.5/logback-core-1.4.5.jar:/Users/aceveron/.m2/repository/org/apache/logging/log4j/log4j-to-slf4j/2.19.0/log4j-to-slf4j-2.19.0.jar:/Users/aceveron/.m2/repository/org/apache/logging/log4j/log4j-api/2.19.0/log4j-api-2.19.0.jar:/Users/aceveron/.m2/repository/org/slf4j/jul-to-slf4j/2.0.6/jul-to-slf4j-2.0.6.jar:/Users/aceveron/.m2/repository/org/yaml/snakeyaml/1.33/snakeyaml-1.33.jar:/Users/aceveron/.m2/repository/org/apache/tomcat/embed/tomcat-embed-el/10.1.5/tomcat-embed-el-10.1.5.jar:/Users/aceveron/.m2/repository/org/hibernate/validator/hibernate-validator/8.0.0.Final/hibernate-validator-8.0.0.Final.jar:/Users/aceveron/.m2/repository/jakarta/validation/jakarta.validation-api/3.0.2/jakarta.validation-api-3.0.2.jar:/Users/aceveron/.m2/repository/org/springframework/boot/spring-boot-starter-web/3.0.3/spring-boot-starter-web-3.0.3.jar:/Users/aceveron/.m2/repository/org/springframework/boot/spring-boot-starter-json/3.0.3/spring-boot-starter-json-3.0.3.jar:/Users/aceveron/.m2/repository/com/fasterxml/jackson/core/jackson-databind/2.14.2/jackson-databind-2.14.2.jar:/Users/aceveron/.m2/repository/com/fasterxml/jackson/core/jackson-annotations/2.14.2/jackson-annotations-2.14.2.jar:/Users/aceveron/.m2/repository/com/fasterxml/jackson/datatype/jackson-datatype-jdk8/2.14.2/jackson-datatype-jdk8-2.14.2.jar:/Users/aceveron/.m2/repository/com/fasterxml/jackson/datatype/jackson-datatype-jsr310/2.14.2/jackson-datatype-jsr310-2.14.2.jar:/Users/aceveron/.m2/repository/com/fasterxml/jackson/module/jackson-module-parameter-names/2.14.2/jackson-module-parameter-names-2.14.2.jar:/Users/aceveron/.m2/repository/org/springframework/boot/spring-boot-starter-tomcat/3.0.3/spring-boot-starter-tomcat-3.0.3.jar:/Users/aceveron/.m2/repository/org/apache/tomcat/embed/tomcat-embed-core/10.1.5/tomcat-embed-core-10.1.5.jar:/Users/aceveron/.m2/repository/org/apache/tomcat/embed/tomcat-embed-websocket/10.1.5/tomcat-embed-websocket-10.1.5.jar:/Users/aceveron/.m2/repository/org/springframework/spring-web/6.0.5/spring-web-6.0.5.jar:/Users/aceveron/.m2/repository/io/micrometer/micrometer-observation/1.10.4/micrometer-observation-1.10.4.jar:/Users/aceveron/.m2/repository/io/micrometer/micrometer-commons/1.10.4/micrometer-commons-1.10.4.jar:/Users/aceveron/.m2/repository/org/springframework/spring-webmvc/6.0.5/spring-webmvc-6.0.5.jar:/Users/aceveron/.m2/repository/org/springframework/spring-expression/6.0.5/spring-expression-6.0.5.jar:/Users/aceveron/.m2/repository/org/springframework/boot/spring-boot-starter-security/3.0.3/spring-boot-starter-security-3.0.3.jar:/Users/aceveron/.m2/repository/org/springframework/spring-aop/6.0.5/spring-aop-6.0.5.jar:/Users/aceveron/.m2/repository/org/springframework/security/spring-security-config/6.0.2/spring-security-config-6.0.2.jar:/Users/aceveron/.m2/repository/org/springframework/security/spring-security-web/6.0.2/spring-security-web-6.0.2.jar:/Users/aceveron/.m2/repository/org/springframework/boot/spring-boot-starter-oauth2-resource-server/3.0.3/spring-boot-starter-oauth2-resource-server-3.0.3.jar:/Users/aceveron/.m2/repository/org/springframework/security/spring-security-core/6.0.2/spring-security-core-6.0.2.jar:/Users/aceveron/.m2/repository/org/springframework/security/spring-security-crypto/6.0.2/spring-security-crypto-6.0.2.jar:/Users/aceveron/.m2/repository/org/springframework/security/spring-security-oauth2-resource-server/6.0.2/spring-security-oauth2-resource-server-6.0.2.jar:/Users/aceveron/.m2/repository/org/springframework/security/spring-security-oauth2-core/6.0.2/spring-security-oauth2-core-6.0.2.jar:/Users/aceveron/.m2/repository/org/springframework/security/spring-security-oauth2-jose/6.0.2/spring-security-oauth2-jose-6.0.2.jar:/Users/aceveron/.m2/repository/com/nimbusds/nimbus-jose-jwt/9.24.4/nimbus-jose-jwt-9.24.4.jar:/Users/aceveron/.m2/repository/com/github/stephenc/jcip/jcip-annotations/1.0-1/jcip-annotations-1.0-1.jar:/Users/aceveron/.m2/repository/com/google/firebase/firebase-admin/9.1.1/firebase-admin-9.1.1.jar:/Users/aceveron/.m2/repository/com/google/api-client/google-api-client/2.0.0/google-api-client-2.0.0.jar:/Users/aceveron/.m2/repository/com/google/oauth-client/google-oauth-client/1.34.1/google-oauth-client-1.34.1.jar:/Users/aceveron/.m2/repository/com/google/http-client/google-http-client-gson/1.42.1/google-http-client-gson-1.42.1.jar:/Users/aceveron/.m2/repository/com/google/http-client/google-http-client-apache-v2/1.42.1/google-http-client-apache-v2-1.42.1.jar:/Users/aceveron/.m2/repository/org/apache/httpcomponents/httpcore/4.4.16/httpcore-4.4.16.jar:/Users/aceveron/.m2/repository/org/apache/httpcomponents/httpclient/4.5.14/httpclient-4.5.14.jar:/Users/aceveron/.m2/repository/com/google/api-client/google-api-client-gson/2.0.0/google-api-client-gson-2.0.0.jar:/Users/aceveron/.m2/repository/com/google/http-client/google-http-client/1.42.2/google-http-client-1.42.2.jar:/Users/aceveron/.m2/repository/com/google/code/findbugs/jsr305/3.0.2/jsr305-3.0.2.jar:/Users/aceveron/.m2/repository/com/google/j2objc/j2objc-annotations/1.3/j2objc-annotations-1.3.jar:/Users/aceveron/.m2/repository/io/opencensus/opencensus-api/0.31.1/opencensus-api-0.31.1.jar:/Users/aceveron/.m2/repository/io/opencensus/opencensus-contrib-http-util/0.31.1/opencensus-contrib-http-util-0.31.1.jar:/Users/aceveron/.m2/repository/com/google/api/api-common/2.2.1/api-common-2.2.1.jar:/Users/aceveron/.m2/repository/javax/annotation/javax.annotation-api/1.3.2/javax.annotation-api-1.3.2.jar:/Users/aceveron/.m2/repository/com/google/auto/value/auto-value-annotations/1.9/auto-value-annotations-1.9.jar:/Users/aceveron/.m2/repository/com/google/auth/google-auth-library-oauth2-http/1.12.1/google-auth-library-oauth2-http-1.12.1.jar:/Users/aceveron/.m2/repository/com/google/auth/google-auth-library-credentials/1.12.1/google-auth-library-credentials-1.12.1.jar:/Users/aceveron/.m2/repository/com/google/cloud/google-cloud-storage/2.14.0/google-cloud-storage-2.14.0.jar:/Users/aceveron/.m2/repository/com/google/guava/failureaccess/1.0.1/failureaccess-1.0.1.jar:/Users/aceveron/.m2/repository/com/google/guava/listenablefuture/9999.0-empty-to-avoid-conflict-with-guava/listenablefuture-9999.0-empty-to-avoid-conflict-with-guava.jar:/Users/aceveron/.m2/repository/com/google/http-client/google-http-client-jackson2/1.42.2/google-http-client-jackson2-1.42.2.jar:/Users/aceveron/.m2/repository/com/google/apis/google-api-services-storage/v1-rev20220705-2.0.0/google-api-services-storage-v1-rev20220705-2.0.0.jar:/Users/aceveron/.m2/repository/com/google/cloud/google-cloud-core/2.8.22/google-cloud-core-2.8.22.jar:/Users/aceveron/.m2/repository/com/google/cloud/google-cloud-core-http/2.8.22/google-cloud-core-http-2.8.22.jar:/Users/aceveron/.m2/repository/com/google/http-client/google-http-client-appengine/1.42.2/google-http-client-appengine-1.42.2.jar:/Users/aceveron/.m2/repository/com/google/api/gax-httpjson/0.104.4/gax-httpjson-0.104.4.jar:/Users/aceveron/.m2/repository/com/google/cloud/google-cloud-core-grpc/2.8.22/google-cloud-core-grpc-2.8.22.jar:/Users/aceveron/.m2/repository/io/grpc/grpc-core/1.50.1/grpc-core-1.50.1.jar:/Users/aceveron/.m2/repository/com/google/android/annotations/4.1.1.4/annotations-4.1.1.4.jar:/Users/aceveron/.m2/repository/org/codehaus/mojo/animal-sniffer-annotations/1.22/animal-sniffer-annotations-1.22.jar:/Users/aceveron/.m2/repository/com/google/api/gax/2.19.4/gax-2.19.4.jar:/Users/aceveron/.m2/repository/com/google/api/gax-grpc/2.19.4/gax-grpc-2.19.4.jar:/Users/aceveron/.m2/repository/io/grpc/grpc-alts/1.50.1/grpc-alts-1.50.1.jar:/Users/aceveron/.m2/repository/io/grpc/grpc-grpclb/1.50.1/grpc-grpclb-1.50.1.jar:/Users/aceveron/.m2/repository/org/conscrypt/conscrypt-openjdk-uber/2.5.2/conscrypt-openjdk-uber-2.5.2.jar:/Users/aceveron/.m2/repository/io/grpc/grpc-context/1.50.1/grpc-context-1.50.1.jar:/Users/aceveron/.m2/repository/com/google/api/grpc/proto-google-iam-v1/1.6.4/proto-google-iam-v1-1.6.4.jar:/Users/aceveron/.m2/repository/com/google/protobuf/protobuf-java/3.21.8/protobuf-java-3.21.8.jar:/Users/aceveron/.m2/repository/com/google/protobuf/protobuf-java-util/3.21.8/protobuf-java-util-3.21.8.jar:/Users/aceveron/.m2/repository/com/google/api/grpc/proto-google-common-protos/2.9.6/proto-google-common-protos-2.9.6.jar:/Users/aceveron/.m2/repository/org/threeten/threetenbp/1.6.3/threetenbp-1.6.3.jar:/Users/aceveron/.m2/repository/com/google/api/grpc/proto-google-cloud-storage-v2/2.14.0-alpha/proto-google-cloud-storage-v2-2.14.0-alpha.jar:/Users/aceveron/.m2/repository/com/google/api/grpc/grpc-google-cloud-storage-v2/2.14.0-alpha/grpc-google-cloud-storage-v2-2.14.0-alpha.jar:/Users/aceveron/.m2/repository/io/grpc/grpc-protobuf/1.50.1/grpc-protobuf-1.50.1.jar:/Users/aceveron/.m2/repository/com/google/api/grpc/gapic-google-cloud-storage-v2/2.14.0-alpha/gapic-google-cloud-storage-v2-2.14.0-alpha.jar:/Users/aceveron/.m2/repository/com/fasterxml/jackson/core/jackson-core/2.14.2/jackson-core-2.14.2.jar:/Users/aceveron/.m2/repository/io/grpc/grpc-api/1.50.1/grpc-api-1.50.1.jar:/Users/aceveron/.m2/repository/io/grpc/grpc-netty-shaded/1.50.1/grpc-netty-shaded-1.50.1.jar:/Users/aceveron/.m2/repository/io/perfmark/perfmark-api/0.25.0/perfmark-api-0.25.0.jar:/Users/aceveron/.m2/repository/io/grpc/grpc-auth/1.50.1/grpc-auth-1.50.1.jar:/Users/aceveron/.m2/repository/io/grpc/grpc-stub/1.50.1/grpc-stub-1.50.1.jar:/Users/aceveron/.m2/repository/io/grpc/grpc-googleapis/1.50.1/grpc-googleapis-1.50.1.jar:/Users/aceveron/.m2/repository/org/checkerframework/checker-qual/3.26.0/checker-qual-3.26.0.jar:/Users/aceveron/.m2/repository/io/grpc/grpc-xds/1.50.1/grpc-xds-1.50.1.jar:/Users/aceveron/.m2/repository/io/opencensus/opencensus-proto/0.2.0/opencensus-proto-0.2.0.jar:/Users/aceveron/.m2/repository/io/grpc/grpc-services/1.50.1/grpc-services-1.50.1.jar:/Users/aceveron/.m2/repository/com/google/re2j/re2j/1.6/re2j-1.6.jar:/Users/aceveron/.m2/repository/com/google/api/grpc/grpc-google-iam-v1/1.6.4/grpc-google-iam-v1-1.6.4.jar:/Users/aceveron/.m2/repository/io/grpc/grpc-protobuf-lite/1.50.1/grpc-protobuf-lite-1.50.1.jar:/Users/aceveron/.m2/repository/com/google/cloud/google-cloud-firestore/3.7.0/google-cloud-firestore-3.7.0.jar:/Users/aceveron/.m2/repository/commons-logging/commons-logging/1.2/commons-logging-1.2.jar:/Users/aceveron/.m2/repository/commons-codec/commons-codec/1.15/commons-codec-1.15.jar:/Users/aceveron/.m2/repository/com/google/api/grpc/proto-google-cloud-firestore-v1/3.7.0/proto-google-cloud-firestore-v1-3.7.0.jar:/Users/aceveron/.m2/repository/com/google/cloud/proto-google-cloud-firestore-bundle-v1/3.7.0/proto-google-cloud-firestore-bundle-v1-3.7.0.jar:/Users/aceveron/.m2/repository/io/opencensus/opencensus-contrib-grpc-util/0.31.1/opencensus-contrib-grpc-util-0.31.1.jar:/Users/aceveron/.m2/repository/com/google/errorprone/error_prone_annotations/2.16/error_prone_annotations-2.16.jar:/Users/aceveron/.m2/repository/com/google/guava/guava/31.1-jre/guava-31.1-jre.jar:/Users/aceveron/.m2/repository/org/slf4j/slf4j-api/2.0.6/slf4j-api-2.0.6.jar:/Users/aceveron/.m2/repository/io/netty/netty-codec-http/4.1.89.Final/netty-codec-http-4.1.89.Final.jar:/Users/aceveron/.m2/repository/io/netty/netty-common/4.1.89.Final/netty-common-4.1.89.Final.jar:/Users/aceveron/.m2/repository/io/netty/netty-buffer/4.1.89.Final/netty-buffer-4.1.89.Final.jar:/Users/aceveron/.m2/repository/io/netty/netty-codec/4.1.89.Final/netty-codec-4.1.89.Final.jar:/Users/aceveron/.m2/repository/io/netty/netty-handler/4.1.89.Final/netty-handler-4.1.89.Final.jar:/Users/aceveron/.m2/repository/io/netty/netty-resolver/4.1.89.Final/netty-resolver-4.1.89.Final.jar:/Users/aceveron/.m2/repository/io/netty/netty-transport-native-unix-common/4.1.89.Final/netty-transport-native-unix-common-4.1.89.Final.jar:/Users/aceveron/.m2/repository/io/netty/netty-transport/4.1.89.Final/netty-transport-4.1.89.Final.jar:/Users/aceveron/.m2/repository/org/springframework/boot/spring-boot-devtools/3.0.3/spring-boot-devtools-3.0.3.jar:/Users/aceveron/.m2/repository/org/springframework/boot/spring-boot/3.0.3/spring-boot-3.0.3.jar:/Users/aceveron/.m2/repository/org/springframework/boot/spring-boot-autoconfigure/3.0.3/spring-boot-autoconfigure-3.0.3.jar:/Users/aceveron/.m2/repository/com/h2database/h2/2.1.214/h2-2.1.214.jar:/Users/aceveron/.m2/repository/org/springframework/data/spring-data-jpa/3.0.2/spring-data-jpa-3.0.2.jar:/Users/aceveron/.m2/repository/org/springframework/data/spring-data-commons/3.0.2/spring-data-commons-3.0.2.jar:/Users/aceveron/.m2/repository/org/springframework/spring-orm/6.0.5/spring-orm-6.0.5.jar:/Users/aceveron/.m2/repository/org/springframework/spring-context/6.0.5/spring-context-6.0.5.jar:/Users/aceveron/.m2/repository/org/springframework/spring-tx/6.0.5/spring-tx-6.0.5.jar:/Users/aceveron/.m2/repository/org/springframework/spring-beans/6.0.5/spring-beans-6.0.5.jar:/Users/aceveron/.m2/repository/org/springframework/spring-core/6.0.5/spring-core-6.0.5.jar:/Users/aceveron/.m2/repository/org/springframework/spring-jcl/6.0.5/spring-jcl-6.0.5.jar:/Users/aceveron/.m2/repository/jakarta/annotation/jakarta.annotation-api/2.1.1/jakarta.annotation-api-2.1.1.jar:/Users/aceveron/.m2/repository/com/google/code/gson/gson/2.10.1/gson-2.10.1.jar:/Users/aceveron/.m2/repository/org/projectlombok/lombok/1.18.26/lombok-1.18.26.jar:/Users/aceveron/.m2/repository/org/springframework/boot/spring-boot-starter-test/3.0.3/spring-boot-starter-test-3.0.3.jar:/Users/aceveron/.m2/repository/org/springframework/boot/spring-boot-test/3.0.3/spring-boot-test-3.0.3.jar:/Users/aceveron/.m2/repository/org/springframework/boot/spring-boot-test-autoconfigure/3.0.3/spring-boot-test-autoconfigure-3.0.3.jar:/Users/aceveron/.m2/repository/com/jayway/jsonpath/json-path/2.7.0/json-path-2.7.0.jar:/Users/aceveron/.m2/repository/net/minidev/json-smart/2.4.8/json-smart-2.4.8.jar:/Users/aceveron/.m2/repository/net/minidev/accessors-smart/2.4.8/accessors-smart-2.4.8.jar:/Users/aceveron/.m2/repository/org/ow2/asm/asm/9.1/asm-9.1.jar:/Users/aceveron/.m2/repository/jakarta/xml/bind/jakarta.xml.bind-api/4.0.0/jakarta.xml.bind-api-4.0.0.jar:/Users/aceveron/.m2/repository/jakarta/activation/jakarta.activation-api/2.1.1/jakarta.activation-api-2.1.1.jar:/Users/aceveron/.m2/repository/org/assertj/assertj-core/3.23.1/assertj-core-3.23.1.jar:/Users/aceveron/.m2/repository/org/hamcrest/hamcrest/2.2/hamcrest-2.2.jar:/Users/aceveron/.m2/repository/org/junit/jupiter/junit-jupiter/5.9.2/junit-jupiter-5.9.2.jar:/Users/aceveron/.m2/repository/org/junit/jupiter/junit-jupiter-api/5.9.2/junit-jupiter-api-5.9.2.jar:/Users/aceveron/.m2/repository/org/junit/jupiter/junit-jupiter-params/5.9.2/junit-jupiter-params-5.9.2.jar:/Users/aceveron/.m2/repository/org/junit/jupiter/junit-jupiter-engine/5.9.2/junit-jupiter-engine-5.9.2.jar:/Users/aceveron/.m2/repository/org/mockito/mockito-core/4.8.1/mockito-core-4.8.1.jar:/Users/aceveron/.m2/repository/net/bytebuddy/byte-buddy-agent/1.12.23/byte-buddy-agent-1.12.23.jar:/Users/aceveron/.m2/repository/org/objenesis/objenesis/3.2/objenesis-3.2.jar:/Users/aceveron/.m2/repository/org/mockito/mockito-junit-jupiter/4.8.1/mockito-junit-jupiter-4.8.1.jar:/Users/aceveron/.m2/repository/org/skyscreamer/jsonassert/1.5.1/jsonassert-1.5.1.jar:/Users/aceveron/.m2/repository/com/vaadin/external/google/android-json/0.0.20131108.vaadin1/android-json-0.0.20131108.vaadin1.jar:/Users/aceveron/.m2/repository/org/springframework/spring-test/6.0.5/spring-test-6.0.5.jar:/Users/aceveron/.m2/repository/org/xmlunit/xmlunit-core/2.9.1/xmlunit-core-2.9.1.jar:/Users/aceveron/.m2/repository/org/springframework/security/spring-security-test/6.0.2/spring-security-test-6.0.2.jar:/Users/aceveron/.m2/repository/org/junit/vintage/junit-vintage-engine/5.9.2/junit-vintage-engine-5.9.2.jar:/Users/aceveron/.m2/repository/org/junit/platform/junit-platform-engine/1.9.2/junit-platform-engine-1.9.2.jar:/Users/aceveron/.m2/repository/org/opentest4j/opentest4j/1.2.0/opentest4j-1.2.0.jar:/Users/aceveron/.m2/repository/org/junit/platform/junit-platform-commons/1.9.2/junit-platform-commons-1.9.2.jar:/Users/aceveron/.m2/repository/org/apiguardian/apiguardian-api/1.1.2/apiguardian-api-1.1.2.jar:/Users/aceveron/.m2/repository/junit/junit/4.13.2/junit-4.13.2.jar:/Users/aceveron/.m2/repository/org/hamcrest/hamcrest-core/2.2/hamcrest-core-2.2.jar:"/>
    <property name="java.vm.vendor" value="Eclipse Adoptium"/>
    <property name="sun.arch.data.model" value="64"/>
    <property name="java.vendor.url" value="https://adoptium.net/"/>
    <property name="os.name" value="Mac OS X"/>
    <property name="java.vm.specification.version" value="17"/>
    <property name="sun.java.launcher" value="SUN_STANDARD"/>
    <property name="user.country" value="SG"/>
    <property name="sun.boot.library.path" value="/Users/aceveron/.sdkman/candidates/java/17.0.6-tem/lib"/>
    <property name="sun.java.command" value="/Users/aceveron/SCTP/Volunteer_Management_System_VMS/target/surefire/surefirebooter8078373589098082898.jar /Users/aceveron/SCTP/Volunteer_Management_System_VMS/target/surefire 2023-04-30T15-16-01_099-jvmRun1 surefire18309368287801765498tmp surefire_0395041445587374710tmp"/>
    <property name="http.nonProxyHosts" value="local|*.local|169.254/16|*.169.254/16"/>
    <property name="jdk.debug" value="release"/>
    <property name="surefire.test.class.path" value="/Users/aceveron/SCTP/Volunteer_Management_System_VMS/target/test-classes:/Users/aceveron/SCTP/Volunteer_Management_System_VMS/target/classes:/Users/aceveron/.m2/repository/org/springframework/boot/spring-boot-starter-data-jpa/3.0.3/spring-boot-starter-data-jpa-3.0.3.jar:/Users/aceveron/.m2/repository/org/springframework/boot/spring-boot-starter-aop/3.0.3/spring-boot-starter-aop-3.0.3.jar:/Users/aceveron/.m2/repository/org/aspectj/aspectjweaver/1.9.19/aspectjweaver-1.9.19.jar:/Users/aceveron/.m2/repository/org/springframework/boot/spring-boot-starter-jdbc/3.0.3/spring-boot-starter-jdbc-3.0.3.jar:/Users/aceveron/.m2/repository/com/zaxxer/HikariCP/5.0.1/HikariCP-5.0.1.jar:/Users/aceveron/.m2/repository/org/springframework/spring-jdbc/6.0.5/spring-jdbc-6.0.5.jar:/Users/aceveron/.m2/repository/org/hibernate/orm/hibernate-core/6.1.7.Final/hibernate-core-6.1.7.Final.jar:/Users/aceveron/.m2/repository/jakarta/persistence/jakarta.persistence-api/3.1.0/jakarta.persistence-api-3.1.0.jar:/Users/aceveron/.m2/repository/jakarta/transaction/jakarta.transaction-api/2.0.1/jakarta.transaction-api-2.0.1.jar:/Users/aceveron/.m2/repository/org/jboss/logging/jboss-logging/3.5.0.Final/jboss-logging-3.5.0.Final.jar:/Users/aceveron/.m2/repository/org/hibernate/common/hibernate-commons-annotations/6.0.6.Final/hibernate-commons-annotations-6.0.6.Final.jar:/Users/aceveron/.m2/repository/org/jboss/jandex/2.4.2.Final/jandex-2.4.2.Final.jar:/Users/aceveron/.m2/repository/com/fasterxml/classmate/1.5.1/classmate-1.5.1.jar:/Users/aceveron/.m2/repository/net/bytebuddy/byte-buddy/1.12.23/byte-buddy-1.12.23.jar:/Users/aceveron/.m2/repository/org/glassfish/jaxb/jaxb-runtime/4.0.2/jaxb-runtime-4.0.2.jar:/Users/aceveron/.m2/repository/org/glassfish/jaxb/jaxb-core/4.0.2/jaxb-core-4.0.2.jar:/Users/aceveron/.m2/repository/org/eclipse/angus/angus-activation/2.0.0/angus-activation-2.0.0.jar:/Users/aceveron/.m2/repository/org/glassfish/jaxb/txw2/4.0.2/txw2-4.0.2.jar:/Users/aceveron/.m2/repository/com/sun/istack/istack-commons-runtime/4.1.1/istack-commons-runtime-4.1.1.jar:/Users/aceveron/.m2/repository/jakarta/inject/jakarta.inject-api/2.0.0/jakarta.inject-api-2.0.0.jar:/Users/aceveron/.m2/repository/org/antlr/antlr4-runtime/4.10.1/antlr4-runtime-4.10.1.jar:/Users/aceveron/.m2/repository/org/springframework/spring-aspects/6.0.5/spring-aspects-6.0.5.jar:/Users/aceveron/.m2/repository/org/springframework/boot/spring-boot-starter-validation/3.0.3/spring-boot-starter-validation-3.0.3.jar:/Users/aceveron/.m2/repository/org/springframework/boot/spring-boot-starter/3.0.3/spring-boot-starter-3.0.3.jar:/Users/aceveron/.m2/repository/org/springframework/boot/spring-boot-starter-logging/3.0.3/spring-boot-starter-logging-3.0.3.jar:/Users/aceveron/.m2/repository/ch/qos/logback/logback-classic/1.4.5/logback-classic-1.4.5.jar:/Users/aceveron/.m2/repository/ch/qos/logback/logback-core/1.4.5/logback-core-1.4.5.jar:/Users/aceveron/.m2/repository/org/apache/logging/log4j/log4j-to-slf4j/2.19.0/log4j-to-slf4j-2.19.0.jar:/Users/aceveron/.m2/repository/org/apache/logging/log4j/log4j-api/2.19.0/log4j-api-2.19.0.jar:/Users/aceveron/.m2/repository/org/slf4j/jul-to-slf4j/2.0.6/jul-to-slf4j-2.0.6.jar:/Users/aceveron/.m2/repository/org/yaml/snakeyaml/1.33/snakeyaml-1.33.jar:/Users/aceveron/.m2/repository/org/apache/tomcat/embed/tomcat-embed-el/10.1.5/tomcat-embed-el-10.1.5.jar:/Users/aceveron/.m2/repository/org/hibernate/validator/hibernate-validator/8.0.0.Final/hibernate-validator-8.0.0.Final.jar:/Users/aceveron/.m2/repository/jakarta/validation/jakarta.validation-api/3.0.2/jakarta.validation-api-3.0.2.jar:/Users/aceveron/.m2/repository/org/springframework/boot/spring-boot-starter-web/3.0.3/spring-boot-starter-web-3.0.3.jar:/Users/aceveron/.m2/repository/org/springframework/boot/spring-boot-starter-json/3.0.3/spring-boot-starter-json-3.0.3.jar:/Users/aceveron/.m2/repository/com/fasterxml/jackson/core/jackson-databind/2.14.2/jackson-databind-2.14.2.jar:/Users/aceveron/.m2/repository/com/fasterxml/jackson/core/jackson-annotations/2.14.2/jackson-annotations-2.14.2.jar:/Users/aceveron/.m2/repository/com/fasterxml/jackson/datatype/jackson-datatype-jdk8/2.14.2/jackson-datatype-jdk8-2.14.2.jar:/Users/aceveron/.m2/repository/com/fasterxml/jackson/datatype/jackson-datatype-jsr310/2.14.2/jackson-datatype-jsr310-2.14.2.jar:/Users/aceveron/.m2/repository/com/fasterxml/jackson/module/jackson-module-parameter-names/2.14.2/jackson-module-parameter-names-2.14.2.jar:/Users/aceveron/.m2/repository/org/springframework/boot/spring-boot-starter-tomcat/3.0.3/spring-boot-starter-tomcat-3.0.3.jar:/Users/aceveron/.m2/repository/org/apache/tomcat/embed/tomcat-embed-core/10.1.5/tomcat-embed-core-10.1.5.jar:/Users/aceveron/.m2/repository/org/apache/tomcat/embed/tomcat-embed-websocket/10.1.5/tomcat-embed-websocket-10.1.5.jar:/Users/aceveron/.m2/repository/org/springframework/spring-web/6.0.5/spring-web-6.0.5.jar:/Users/aceveron/.m2/repository/io/micrometer/micrometer-observation/1.10.4/micrometer-observation-1.10.4.jar:/Users/aceveron/.m2/repository/io/micrometer/micrometer-commons/1.10.4/micrometer-commons-1.10.4.jar:/Users/aceveron/.m2/repository/org/springframework/spring-webmvc/6.0.5/spring-webmvc-6.0.5.jar:/Users/aceveron/.m2/repository/org/springframework/spring-expression/6.0.5/spring-expression-6.0.5.jar:/Users/aceveron/.m2/repository/org/springframework/boot/spring-boot-starter-security/3.0.3/spring-boot-starter-security-3.0.3.jar:/Users/aceveron/.m2/repository/org/springframework/spring-aop/6.0.5/spring-aop-6.0.5.jar:/Users/aceveron/.m2/repository/org/springframework/security/spring-security-config/6.0.2/spring-security-config-6.0.2.jar:/Users/aceveron/.m2/repository/org/springframework/security/spring-security-web/6.0.2/spring-security-web-6.0.2.jar:/Users/aceveron/.m2/repository/org/springframework/boot/spring-boot-starter-oauth2-resource-server/3.0.3/spring-boot-starter-oauth2-resource-server-3.0.3.jar:/Users/aceveron/.m2/repository/org/springframework/security/spring-security-core/6.0.2/spring-security-core-6.0.2.jar:/Users/aceveron/.m2/repository/org/springframework/security/spring-security-crypto/6.0.2/spring-security-crypto-6.0.2.jar:/Users/aceveron/.m2/repository/org/springframework/security/spring-security-oauth2-resource-server/6.0.2/spring-security-oauth2-resource-server-6.0.2.jar:/Users/aceveron/.m2/repository/org/springframework/security/spring-security-oauth2-core/6.0.2/spring-security-oauth2-core-6.0.2.jar:/Users/aceveron/.m2/repository/org/springframework/security/spring-security-oauth2-jose/6.0.2/spring-security-oauth2-jose-6.0.2.jar:/Users/aceveron/.m2/repository/com/nimbusds/nimbus-jose-jwt/9.24.4/nimbus-jose-jwt-9.24.4.jar:/Users/aceveron/.m2/repository/com/github/stephenc/jcip/jcip-annotations/1.0-1/jcip-annotations-1.0-1.jar:/Users/aceveron/.m2/repository/com/google/firebase/firebase-admin/9.1.1/firebase-admin-9.1.1.jar:/Users/aceveron/.m2/repository/com/google/api-client/google-api-client/2.0.0/google-api-client-2.0.0.jar:/Users/aceveron/.m2/repository/com/google/oauth-client/google-oauth-client/1.34.1/google-oauth-client-1.34.1.jar:/Users/aceveron/.m2/repository/com/google/http-client/google-http-client-gson/1.42.1/google-http-client-gson-1.42.1.jar:/Users/aceveron/.m2/repository/com/google/http-client/google-http-client-apache-v2/1.42.1/google-http-client-apache-v2-1.42.1.jar:/Users/aceveron/.m2/repository/org/apache/httpcomponents/httpcore/4.4.16/httpcore-4.4.16.jar:/Users/aceveron/.m2/repository/org/apache/httpcomponents/httpclient/4.5.14/httpclient-4.5.14.jar:/Users/aceveron/.m2/repository/com/google/api-client/google-api-client-gson/2.0.0/google-api-client-gson-2.0.0.jar:/Users/aceveron/.m2/repository/com/google/http-client/google-http-client/1.42.2/google-http-client-1.42.2.jar:/Users/aceveron/.m2/repository/com/google/code/findbugs/jsr305/3.0.2/jsr305-3.0.2.jar:/Users/aceveron/.m2/repository/com/google/j2objc/j2objc-annotations/1.3/j2objc-annotations-1.3.jar:/Users/aceveron/.m2/repository/io/opencensus/opencensus-api/0.31.1/opencensus-api-0.31.1.jar:/Users/aceveron/.m2/repository/io/opencensus/opencensus-contrib-http-util/0.31.1/opencensus-contrib-http-util-0.31.1.jar:/Users/aceveron/.m2/repository/com/google/api/api-common/2.2.1/api-common-2.2.1.jar:/Users/aceveron/.m2/repository/javax/annotation/javax.annotation-api/1.3.2/javax.annotation-api-1.3.2.jar:/Users/aceveron/.m2/repository/com/google/auto/value/auto-value-annotations/1.9/auto-value-annotations-1.9.jar:/Users/aceveron/.m2/repository/com/google/auth/google-auth-library-oauth2-http/1.12.1/google-auth-library-oauth2-http-1.12.1.jar:/Users/aceveron/.m2/repository/com/google/auth/google-auth-library-credentials/1.12.1/google-auth-library-credentials-1.12.1.jar:/Users/aceveron/.m2/repository/com/google/cloud/google-cloud-storage/2.14.0/google-cloud-storage-2.14.0.jar:/Users/aceveron/.m2/repository/com/google/guava/failureaccess/1.0.1/failureaccess-1.0.1.jar:/Users/aceveron/.m2/repository/com/google/guava/listenablefuture/9999.0-empty-to-avoid-conflict-with-guava/listenablefuture-9999.0-empty-to-avoid-conflict-with-guava.jar:/Users/aceveron/.m2/repository/com/google/http-client/google-http-client-jackson2/1.42.2/google-http-client-jackson2-1.42.2.jar:/Users/aceveron/.m2/repository/com/google/apis/google-api-services-storage/v1-rev20220705-2.0.0/google-api-services-storage-v1-rev20220705-2.0.0.jar:/Users/aceveron/.m2/repository/com/google/cloud/google-cloud-core/2.8.22/google-cloud-core-2.8.22.jar:/Users/aceveron/.m2/repository/com/google/cloud/google-cloud-core-http/2.8.22/google-cloud-core-http-2.8.22.jar:/Users/aceveron/.m2/repository/com/google/http-client/google-http-client-appengine/1.42.2/google-http-client-appengine-1.42.2.jar:/Users/aceveron/.m2/repository/com/google/api/gax-httpjson/0.104.4/gax-httpjson-0.104.4.jar:/Users/aceveron/.m2/repository/com/google/cloud/google-cloud-core-grpc/2.8.22/google-cloud-core-grpc-2.8.22.jar:/Users/aceveron/.m2/repository/io/grpc/grpc-core/1.50.1/grpc-core-1.50.1.jar:/Users/aceveron/.m2/repository/com/google/android/annotations/4.1.1.4/annotations-4.1.1.4.jar:/Users/aceveron/.m2/repository/org/codehaus/mojo/animal-sniffer-annotations/1.22/animal-sniffer-annotations-1.22.jar:/Users/aceveron/.m2/repository/com/google/api/gax/2.19.4/gax-2.19.4.jar:/Users/aceveron/.m2/repository/com/google/api/gax-grpc/2.19.4/gax-grpc-2.19.4.jar:/Users/aceveron/.m2/repository/io/grpc/grpc-alts/1.50.1/grpc-alts-1.50.1.jar:/Users/aceveron/.m2/repository/io/grpc/grpc-grpclb/1.50.1/grpc-grpclb-1.50.1.jar:/Users/aceveron/.m2/repository/org/conscrypt/conscrypt-openjdk-uber/2.5.2/conscrypt-openjdk-uber-2.5.2.jar:/Users/aceveron/.m2/repository/io/grpc/grpc-context/1.50.1/grpc-context-1.50.1.jar:/Users/aceveron/.m2/repository/com/google/api/grpc/proto-google-iam-v1/1.6.4/proto-google-iam-v1-1.6.4.jar:/Users/aceveron/.m2/repository/com/google/protobuf/protobuf-java/3.21.8/protobuf-java-3.21.8.jar:/Users/aceveron/.m2/repository/com/google/protobuf/protobuf-java-util/3.21.8/protobuf-java-util-3.21.8.jar:/Users/aceveron/.m2/repository/com/google/api/grpc/proto-google-common-protos/2.9.6/proto-google-common-protos-2.9.6.jar:/Users/aceveron/.m2/repository/org/threeten/threetenbp/1.6.3/threetenbp-1.6.3.jar:/Users/aceveron/.m2/repository/com/google/api/grpc/proto-google-cloud-storage-v2/2.14.0-alpha/proto-google-cloud-storage-v2-2.14.0-alpha.jar:/Users/aceveron/.m2/repository/com/google/api/grpc/grpc-google-cloud-storage-v2/2.14.0-alpha/grpc-google-cloud-storage-v2-2.14.0-alpha.jar:/Users/aceveron/.m2/repository/io/grpc/grpc-protobuf/1.50.1/grpc-protobuf-1.50.1.jar:/Users/aceveron/.m2/repository/com/google/api/grpc/gapic-google-cloud-storage-v2/2.14.0-alpha/gapic-google-cloud-storage-v2-2.14.0-alpha.jar:/Users/aceveron/.m2/repository/com/fasterxml/jackson/core/jackson-core/2.14.2/jackson-core-2.14.2.jar:/Users/aceveron/.m2/repository/io/grpc/grpc-api/1.50.1/grpc-api-1.50.1.jar:/Users/aceveron/.m2/repository/io/grpc/grpc-netty-shaded/1.50.1/grpc-netty-shaded-1.50.1.jar:/Users/aceveron/.m2/repository/io/perfmark/perfmark-api/0.25.0/perfmark-api-0.25.0.jar:/Users/aceveron/.m2/repository/io/grpc/grpc-auth/1.50.1/grpc-auth-1.50.1.jar:/Users/aceveron/.m2/repository/io/grpc/grpc-stub/1.50.1/grpc-stub-1.50.1.jar:/Users/aceveron/.m2/repository/io/grpc/grpc-googleapis/1.50.1/grpc-googleapis-1.50.1.jar:/Users/aceveron/.m2/repository/org/checkerframework/checker-qual/3.26.0/checker-qual-3.26.0.jar:/Users/aceveron/.m2/repository/io/grpc/grpc-xds/1.50.1/grpc-xds-1.50.1.jar:/Users/aceveron/.m2/repository/io/opencensus/opencensus-proto/0.2.0/opencensus-proto-0.2.0.jar:/Users/aceveron/.m2/repository/io/grpc/grpc-services/1.50.1/grpc-services-1.50.1.jar:/Users/aceveron/.m2/repository/com/google/re2j/re2j/1.6/re2j-1.6.jar:/Users/aceveron/.m2/repository/com/google/api/grpc/grpc-google-iam-v1/1.6.4/grpc-google-iam-v1-1.6.4.jar:/Users/aceveron/.m2/repository/io/grpc/grpc-protobuf-lite/1.50.1/grpc-protobuf-lite-1.50.1.jar:/Users/aceveron/.m2/repository/com/google/cloud/google-cloud-firestore/3.7.0/google-cloud-firestore-3.7.0.jar:/Users/aceveron/.m2/repository/commons-logging/commons-logging/1.2/commons-logging-1.2.jar:/Users/aceveron/.m2/repository/commons-codec/commons-codec/1.15/commons-codec-1.15.jar:/Users/aceveron/.m2/repository/com/google/api/grpc/proto-google-cloud-firestore-v1/3.7.0/proto-google-cloud-firestore-v1-3.7.0.jar:/Users/aceveron/.m2/repository/com/google/cloud/proto-google-cloud-firestore-bundle-v1/3.7.0/proto-google-cloud-firestore-bundle-v1-3.7.0.jar:/Users/aceveron/.m2/repository/io/opencensus/opencensus-contrib-grpc-util/0.31.1/opencensus-contrib-grpc-util-0.31.1.jar:/Users/aceveron/.m2/repository/com/google/errorprone/error_prone_annotations/2.16/error_prone_annotations-2.16.jar:/Users/aceveron/.m2/repository/com/google/guava/guava/31.1-jre/guava-31.1-jre.jar:/Users/aceveron/.m2/repository/org/slf4j/slf4j-api/2.0.6/slf4j-api-2.0.6.jar:/Users/aceveron/.m2/repository/io/netty/netty-codec-http/4.1.89.Final/netty-codec-http-4.1.89.Final.jar:/Users/aceveron/.m2/repository/io/netty/netty-common/4.1.89.Final/netty-common-4.1.89.Final.jar:/Users/aceveron/.m2/repository/io/netty/netty-buffer/4.1.89.Final/netty-buffer-4.1.89.Final.jar:/Users/aceveron/.m2/repository/io/netty/netty-codec/4.1.89.Final/netty-codec-4.1.89.Final.jar:/Users/aceveron/.m2/repository/io/netty/netty-handler/4.1.89.Final/netty-handler-4.1.89.Final.jar:/Users/aceveron/.m2/repository/io/netty/netty-resolver/4.1.89.Final/netty-resolver-4.1.89.Final.jar:/Users/aceveron/.m2/repository/io/netty/netty-transport-native-unix-common/4.1.89.Final/netty-transport-native-unix-common-4.1.89.Final.jar:/Users/aceveron/.m2/repository/io/netty/netty-transport/4.1.89.Final/netty-transport-4.1.89.Final.jar:/Users/aceveron/.m2/repository/org/springframework/boot/spring-boot-devtools/3.0.3/spring-boot-devtools-3.0.3.jar:/Users/aceveron/.m2/repository/org/springframework/boot/spring-boot/3.0.3/spring-boot-3.0.3.jar:/Users/aceveron/.m2/repository/org/springframework/boot/spring-boot-autoconfigure/3.0.3/spring-boot-autoconfigure-3.0.3.jar:/Users/aceveron/.m2/repository/com/h2database/h2/2.1.214/h2-2.1.214.jar:/Users/aceveron/.m2/repository/org/springframework/data/spring-data-jpa/3.0.2/spring-data-jpa-3.0.2.jar:/Users/aceveron/.m2/repository/org/springframework/data/spring-data-commons/3.0.2/spring-data-commons-3.0.2.jar:/Users/aceveron/.m2/repository/org/springframework/spring-orm/6.0.5/spring-orm-6.0.5.jar:/Users/aceveron/.m2/repository/org/springframework/spring-context/6.0.5/spring-context-6.0.5.jar:/Users/aceveron/.m2/repository/org/springframework/spring-tx/6.0.5/spring-tx-6.0.5.jar:/Users/aceveron/.m2/repository/org/springframework/spring-beans/6.0.5/spring-beans-6.0.5.jar:/Users/aceveron/.m2/repository/org/springframework/spring-core/6.0.5/spring-core-6.0.5.jar:/Users/aceveron/.m2/repository/org/springframework/spring-jcl/6.0.5/spring-jcl-6.0.5.jar:/Users/aceveron/.m2/repository/jakarta/annotation/jakarta.annotation-api/2.1.1/jakarta.annotation-api-2.1.1.jar:/Users/aceveron/.m2/repository/com/google/code/gson/gson/2.10.1/gson-2.10.1.jar:/Users/aceveron/.m2/repository/org/projectlombok/lombok/1.18.26/lombok-1.18.26.jar:/Users/aceveron/.m2/repository/org/springframework/boot/spring-boot-starter-test/3.0.3/spring-boot-starter-test-3.0.3.jar:/Users/aceveron/.m2/repository/org/springframework/boot/spring-boot-test/3.0.3/spring-boot-test-3.0.3.jar:/Users/aceveron/.m2/repository/org/springframework/boot/spring-boot-test-autoconfigure/3.0.3/spring-boot-test-autoconfigure-3.0.3.jar:/Users/aceveron/.m2/repository/com/jayway/jsonpath/json-path/2.7.0/json-path-2.7.0.jar:/Users/aceveron/.m2/repository/net/minidev/json-smart/2.4.8/json-smart-2.4.8.jar:/Users/aceveron/.m2/repository/net/minidev/accessors-smart/2.4.8/accessors-smart-2.4.8.jar:/Users/aceveron/.m2/repository/org/ow2/asm/asm/9.1/asm-9.1.jar:/Users/aceveron/.m2/repository/jakarta/xml/bind/jakarta.xml.bind-api/4.0.0/jakarta.xml.bind-api-4.0.0.jar:/Users/aceveron/.m2/repository/jakarta/activation/jakarta.activation-api/2.1.1/jakarta.activation-api-2.1.1.jar:/Users/aceveron/.m2/repository/org/assertj/assertj-core/3.23.1/assertj-core-3.23.1.jar:/Users/aceveron/.m2/repository/org/hamcrest/hamcrest/2.2/hamcrest-2.2.jar:/Users/aceveron/.m2/repository/org/junit/jupiter/junit-jupiter/5.9.2/junit-jupiter-5.9.2.jar:/Users/aceveron/.m2/repository/org/junit/jupiter/junit-jupiter-api/5.9.2/junit-jupiter-api-5.9.2.jar:/Users/aceveron/.m2/repository/org/junit/jupiter/junit-jupiter-params/5.9.2/junit-jupiter-params-5.9.2.jar:/Users/aceveron/.m2/repository/org/junit/jupiter/junit-jupiter-engine/5.9.2/junit-jupiter-engine-5.9.2.jar:/Users/aceveron/.m2/repository/org/mockito/mockito-core/4.8.1/mockito-core-4.8.1.jar:/Users/aceveron/.m2/repository/net/bytebuddy/byte-buddy-agent/1.12.23/byte-buddy-agent-1.12.23.jar:/Users/aceveron/.m2/repository/org/objenesis/objenesis/3.2/objenesis-3.2.jar:/Users/aceveron/.m2/repository/org/mockito/mockito-junit-jupiter/4.8.1/mockito-junit-jupiter-4.8.1.jar:/Users/aceveron/.m2/repository/org/skyscreamer/jsonassert/1.5.1/jsonassert-1.5.1.jar:/Users/aceveron/.m2/repository/com/vaadin/external/google/android-json/0.0.20131108.vaadin1/android-json-0.0.20131108.vaadin1.jar:/Users/aceveron/.m2/repository/org/springframework/spring-test/6.0.5/spring-test-6.0.5.jar:/Users/aceveron/.m2/repository/org/xmlunit/xmlunit-core/2.9.1/xmlunit-core-2.9.1.jar:/Users/aceveron/.m2/repository/org/springframework/security/spring-security-test/6.0.2/spring-security-test-6.0.2.jar:/Users/aceveron/.m2/repository/org/junit/vintage/junit-vintage-engine/5.9.2/junit-vintage-engine-5.9.2.jar:/Users/aceveron/.m2/repository/org/junit/platform/junit-platform-engine/1.9.2/junit-platform-engine-1.9.2.jar:/Users/aceveron/.m2/repository/org/opentest4j/opentest4j/1.2.0/opentest4j-1.2.0.jar:/Users/aceveron/.m2/repository/org/junit/platform/junit-platform-commons/1.9.2/junit-platform-commons-1.9.2.jar:/Users/aceveron/.m2/repository/org/apiguardian/apiguardian-api/1.1.2/apiguardian-api-1.1.2.jar:/Users/aceveron/.m2/repository/junit/junit/4.13.2/junit-4.13.2.jar:/Users/aceveron/.m2/repository/org/hamcrest/hamcrest-core/2.2/hamcrest-core-2.2.jar:"/>
    <property name="sun.cpu.endian" value="little"/>
    <property name="user.home" value="/Users/aceveron"/>
    <property name="user.language" value="en"/>
    <property name="java.specification.vendor" value="Oracle Corporation"/>
    <property name="java.version.date" value="2023-01-17"/>
    <property name="java.home" value="/Users/aceveron/.sdkman/candidates/java/17.0.6-tem"/>
    <property name="file.separator" value="/"/>
    <property name="basedir" value="/Users/aceveron/SCTP/Volunteer_Management_System_VMS"/>
    <property name="java.vm.compressedOopsMode" value="Zero based"/>
    <property name="line.separator" value="&#10;"/>
    <property name="java.specification.name" value="Java Platform API Specification"/>
    <property name="java.vm.specification.vendor" value="Oracle Corporation"/>
    <property name="surefire.real.class.path" value="/Users/aceveron/SCTP/Volunteer_Management_System_VMS/target/surefire/surefirebooter8078373589098082898.jar"/>
    <property name="sun.management.compiler" value="HotSpot 64-Bit Tiered Compilers"/>
    <property name="ftp.nonProxyHosts" value="local|*.local|169.254/16|*.169.254/16"/>
    <property name="java.runtime.version" value="17.0.6+10"/>
    <property name="user.name" value="aceveron"/>
    <property name="path.separator" value=":"/>
    <property name="os.version" value="13.3.1"/>
    <property name="java.runtime.name" value="OpenJDK Runtime Environment"/>
    <property name="file.encoding" value="UTF-8"/>
    <property name="java.vm.name" value="OpenJDK 64-Bit Server VM"/>
    <property name="java.vendor.version" value="Temurin-17.0.6+10"/>
    <property name="localRepository" value="/Users/aceveron/.m2/repository"/>
    <property name="java.vendor.url.bug" value="https://github.com/adoptium/adoptium-support/issues"/>
    <property name="java.io.tmpdir" value="/var/folders/9w/y84946416wbfskl7gf3j8zm00000gn/T/"/>
    <property name="java.version" value="17.0.6"/>
    <property name="user.dir" value="/Users/aceveron/SCTP/Volunteer_Management_System_VMS"/>
    <property name="os.arch" value="aarch64"/>
    <property name="java.vm.specification.name" value="Java Virtual Machine Specification"/>
    <property name="native.encoding" value="UTF-8"/>
    <property name="java.library.path" value="/Users/aceveron/Library/Java/Extensions:/Library/Java/Extensions:/Network/Library/Java/Extensions:/System/Library/Java/Extensions:/usr/lib/java:."/>
    <property name="java.vm.info" value="mixed mode"/>
    <property name="java.vendor" value="Eclipse Adoptium"/>
    <property name="java.vm.version" value="17.0.6+10"/>
    <property name="sun.io.unicode.encoding" value="UnicodeBig"/>
    <property name="socksNonProxyHosts" value="local|*.local|169.254/16|*.169.254/16"/>
    <property name="java.class.version" value="61.0"/>
  </properties>
  <testcase name="contextLoads" classname="com.ntu.sctp.group1.Group1ApplicationTests" time="0.118"/>
</testsuite>